#
# There is insufficient memory for the Java Runtime Environment to continue.
# Native memory allocation (mmap) failed to map 125829120 bytes. Error detail: G1 virtual space
# Possible reasons:
#   The system is out of physical RAM or swap space
#   This process is running with CompressedOops enabled, and the Java Heap may be blocking the growth of the native heap
# Possible solutions:
#   Reduce memory load on the system
#   Increase physical memory or swap space
#   Check if swap backing store is full
#   Decrease Java heap size (-Xmx/-Xms)
#   Decrease number of Java threads
#   Decrease Java thread stack sizes (-Xss)
#   Set larger code cache with -XX:ReservedCodeCacheSize=
#   JVM is running with Unscaled Compressed Oops mode in which the Java heap is
#     placed in the first 4GB address space. The Java Heap base address is the
#     maximum limit for the native heap growth. Please use -XX:HeapBaseMinAddress
#     to set the Java Heap base and to place the Java Heap above 4GB virtual address.
# This output file may be truncated or incomplete.
#
#  Out of Memory Error (os_windows.cpp:3703), pid=10624, tid=2400
#
# JRE version:  (23.0.1+11) (build )
# Java VM: OpenJDK 64-Bit Server VM (23.0.1+11-39, mixed mode, sharing, tiered, compressed oops, compressed class ptrs, g1 gc, windows-amd64)
# No core dump will be written. Minidumps are not enabled by default on client versions of Windows
#

---------------  S U M M A R Y ------------

Command Line: --enable-preview -javaagent:F:\ideaIC-2024.2.4.win\lib\idea_rt.jar=52843:F:\ideaIC-2024.2.4.win\bin -Dfile.encoding=UTF-8 -Dsun.stdout.encoding=UTF-8 -Dsun.stderr.encoding=UTF-8 --module-path=C:\Users\ahmed\.m2\repository\org\openjfx\javafx-graphics\23.0.1\javafx-graphics-23.0.1-win.jar;C:\Users\ahmed\.m2\repository\com\dlsc\formsfx\formsfx-core\11.6.0\formsfx-core-11.6.0.jar;C:\Users\ahmed\.m2\repository\eu\hansolo\toolbox\21.0.5\toolbox-21.0.5.jar;C:\Users\ahmed\.m2\repository\eu\hansolo\toolboxfx\21.0.3\toolboxfx-21.0.3.jar;C:\Users\ahmed\.m2\repository\net\synedra\validatorfx\0.5.0\validatorfx-0.5.0.jar;C:\Users\ahmed\.m2\repository\org\kordamp\bootstrapfx\bootstrapfx-core\0.4.0\bootstrapfx-core-0.4.0.jar;C:\Users\ahmed\.m2\repository\eu\hansolo\fx\countries\21.0.3\countries-21.0.3.jar;C:\Users\ahmed\.m2\repository\org\controlsfx\controlsfx\11.2.1\controlsfx-11.2.1.jar;C:\Users\ahmed\.m2\repository\org\openjfx\javafx-base\23.0.1\javafx-base-23.0.1-win.jar;C:\Users\ahmed\.m2\repository\org\openjfx\javafx-controls\23.0.1\javafx-controls-23.0.1-win.jar;D:\Online Project\Bank_ASU\target\classes;C:\Users\ahmed\.m2\repository\org\openjfx\javafx-media\23.0.1\javafx-media-23.0.1-win.jar;C:\Users\ahmed\.m2\repository\org\kordamp\ikonli\ikonli-core\12.3.1\ikonli-core-12.3.1.jar;C:\Users\ahmed\.m2\repository\org\openjfx\javafx-fxml\23.0.1\javafx-fxml-23.0.1-win.jar;C:\Users\ahmed\.m2\repository\org\openjfx\javafx-web\23.0.1\javafx-web-23.0.1-win.jar;C:\Users\ahmed\.m2\repository\eu\hansolo\fx\heatmap\21.0.3\heatmap-21.0.3.jar;C:\Users\ahmed\.m2\repository\com\google\code\gson\gson\2.8.6\gson-2.8.6.jar;C:\Users\ahmed\.m2\repository\org\kordamp\ikonli\ikonli-javafx\12.3.1\ikonli-javafx-12.3.1.jar;C:\Users\ahmed\.m2\repository\org\openjfx\javafx-swing\23.0.1\javafx-swing-23.0.1-win.jar;C:\Users\ahmed\.m2\repository\eu\hansolo\tilesfx\21.0.3\tilesfx-21.0.3.jar -Djdk.module.main=com.asu_bank.bank_asu com.asu_bank.bank_asu/com.asu_bank.bank_asu.Main

Host: AMD Ryzen 7 5700U with Radeon Graphics         , 16 cores, 7G,  Windows 10 , 64 bit Build 19041 (10.0.19041.2913)
Time: Sat Dec 21 13:32:48 2024 Egypt Standard Time elapsed time: 0.019179 seconds (0d 0h 0m 0s)

---------------  T H R E A D  ---------------

Current thread (0x0000018016c51df0):  JavaThread "Unknown thread" [_thread_in_vm, id=2400, stack(0x00000021f3a00000,0x00000021f3b00000) (1024K)]

Stack: [0x00000021f3a00000,0x00000021f3b00000]
Native frames: (J=compiled Java code, j=interpreted, Vv=VM code, C=native code)
V  [jvm.dll+0x6e08b9]  (no source info available)
V  [jvm.dll+0x87dc83]  (no source info available)
V  [jvm.dll+0x88010e]  (no source info available)
V  [jvm.dll+0x8807e3]  (no source info available)
V  [jvm.dll+0x27aee6]  (no source info available)
V  [jvm.dll+0x6dd1c5]  (no source info available)
V  [jvm.dll+0x6d104a]  (no source info available)
V  [jvm.dll+0x35b3ea]  (no source info available)
V  [jvm.dll+0x3637f6]  (no source info available)
V  [jvm.dll+0x34fd5e]  (no source info available)
V  [jvm.dll+0x34fff8]  (no source info available)
V  [jvm.dll+0x3289cc]  (no source info available)
V  [jvm.dll+0x32966e]  (no source info available)
V  [jvm.dll+0x844355]  (no source info available)
V  [jvm.dll+0x3b9848]  (no source info available)
V  [jvm.dll+0x82d14c]  (no source info available)
V  [jvm.dll+0x454d4e]  (no source info available)
V  [jvm.dll+0x456bd1]  (no source info available)
C  [jli.dll+0x52a3]  (no source info available)
C  [ucrtbase.dll+0x21bb2]  (no source info available)
C  [KERNEL32.DLL+0x17614]  (no source info available)
C  [ntdll.dll+0x526a1]  (no source info available)

Lock stack of current Java thread (top to bottom):


---------------  P R O C E S S  ---------------

Threads class SMR info:
_java_thread_list=0x00007ffb35543618, length=0, elements={
}

Java Threads: ( => current thread )
Total: 0

Other Threads:
  0x0000018018f2f270 WorkerThread "GC Thread#0"                     [id=23400, stack(0x00000021f3b00000,0x00000021f3c00000) (1024K)]
  0x0000018018f42c10 ConcurrentGCThread "G1 Main Marker"            [id=15348, stack(0x00000021f3c00000,0x00000021f3d00000) (1024K)]
  0x0000018018f43720 WorkerThread "G1 Conc#0"                       [id=23108, stack(0x00000021f3d00000,0x00000021f3e00000) (1024K)]

[error occurred during error reporting (printing all threads), id 0xc0000005, EXCEPTION_ACCESS_VIOLATION (0xc0000005) at pc=0x00007ffb34c8bfba]
VM state: not at safepoint (not fully initialized)

VM Mutex/Monitor currently owned by a thread:  ([mutex/lock_event])
[0x00007ffb355c3a10] Heap_lock - owner thread: 0x0000018016c51df0

Heap address: 0x0000000089c00000, size: 1892 MB, Compressed Oops mode: 32-bit

CDS archive(s) mapped at: [0x0000000000000000-0x0000000000000000-0x0000000000000000), size 0, SharedBaseAddress: 0x0000000800000000, ArchiveRelocationMode: 1.
Narrow klass base: 0x0000000000000000, Narrow klass shift: 0, Narrow klass range: 0x0

GC Precious Log:
 CardTable entry size: 512
 Card Set container configuration: InlinePtr #cards 5 size 8 Array Of Cards #cards 10 size 36 Howl #buckets 4 coarsen threshold 1843 Howl Bitmap #cards 512 size 80 coarsen threshold 460 Card regions per heap region 1 cards per card region 2048

Heap:
 garbage-first heap   total reserved 1937408K, committed 0K, used 0K [0x0000000089c00000, 0x0000000100000000)
  region size 1024K, 0 young (0K), 0 survivors (0K)

[error occurred during error reporting (printing heap information), id 0xc0000005, EXCEPTION_ACCESS_VIOLATION (0xc0000005) at pc=0x00007ffb3508c3c9]
GC Heap History (0 events):
No events

Dll operation events (1 events):
Event: 0.013 Loaded shared library C:\Users\ahmed\.jdks\openjdk-23.0.1\bin\java.dll

Deoptimization events (0 events):
No events

Classes loaded (0 events):
No events

Classes unloaded (0 events):
No events

Classes redefined (0 events):
No events

Internal exceptions (0 events):
No events

VM Operations (0 events):
No events

Memory protections (0 events):
No events

Nmethod flushes (0 events):
No events

Events (0 events):
No events


Dynamic libraries:
0x00007ff767650000 - 0x00007ff76765e000 	C:\Users\ahmed\.jdks\openjdk-23.0.1\bin\java.exe
0x00007ffb7c010000 - 0x00007ffb7c208000 	C:\Windows\SYSTEM32\ntdll.dll
0x00007ffb7ae40000 - 0x00007ffb7aeff000 	C:\Windows\System32\KERNEL32.DLL
0x00007ffb79840000 - 0x00007ffb79b36000 	C:\Windows\System32\KERNELBASE.dll
0x00007ffb79740000 - 0x00007ffb79840000 	C:\Windows\System32\ucrtbase.dll
0x00007ffb745a0000 - 0x00007ffb745b7000 	C:\Users\ahmed\.jdks\openjdk-23.0.1\bin\jli.dll
0x00007ffb74580000 - 0x00007ffb7459b000 	C:\Users\ahmed\.jdks\openjdk-23.0.1\bin\VCRUNTIME140.dll
0x00007ffb7abf0000 - 0x00007ffb7ad8d000 	C:\Windows\System32\USER32.dll
0x00007ffb7a040000 - 0x00007ffb7a062000 	C:\Windows\System32\win32u.dll
0x00007ffb6be20000 - 0x00007ffb6c0ba000 	C:\Windows\WinSxS\amd64_microsoft.windows.common-controls_6595b64144ccf1df_6.0.19041.1110_none_60b5254171f9507e\COMCTL32.dll
0x00007ffb7bc80000 - 0x00007ffb7bcac000 	C:\Windows\System32\GDI32.dll
0x00007ffb7b3e0000 - 0x00007ffb7b47e000 	C:\Windows\System32\msvcrt.dll
0x00007ffb79d40000 - 0x00007ffb79e55000 	C:\Windows\System32\gdi32full.dll
0x00007ffb79b40000 - 0x00007ffb79bdd000 	C:\Windows\System32\msvcp_win.dll
0x00007ffb7adb0000 - 0x00007ffb7ade0000 	C:\Windows\System32\IMM32.DLL
0x00007ffb746d0000 - 0x00007ffb746dc000 	C:\Users\ahmed\.jdks\openjdk-23.0.1\bin\vcruntime140_1.dll
0x00007ffb744f0000 - 0x00007ffb7457e000 	C:\Users\ahmed\.jdks\openjdk-23.0.1\bin\msvcp140.dll
0x00007ffb34950000 - 0x00007ffb3569f000 	C:\Users\ahmed\.jdks\openjdk-23.0.1\bin\server\jvm.dll
0x00007ffb7b1f0000 - 0x00007ffb7b29f000 	C:\Windows\System32\ADVAPI32.dll
0x00007ffb7ab50000 - 0x00007ffb7abec000 	C:\Windows\System32\sechost.dll
0x00007ffb7a480000 - 0x00007ffb7a5a6000 	C:\Windows\System32\RPCRT4.dll
0x00007ffb7b370000 - 0x00007ffb7b3db000 	C:\Windows\System32\WS2_32.dll
0x00007ffb79560000 - 0x00007ffb795ab000 	C:\Windows\SYSTEM32\POWRPROF.dll
0x00007ffb64c20000 - 0x00007ffb64c47000 	C:\Windows\SYSTEM32\WINMM.dll
0x00007ffb6efe0000 - 0x00007ffb6efea000 	C:\Windows\SYSTEM32\VERSION.dll
0x00007ffb79540000 - 0x00007ffb79552000 	C:\Windows\SYSTEM32\UMPDC.dll
0x00007ffb775b0000 - 0x00007ffb775c2000 	C:\Windows\SYSTEM32\kernel.appcore.dll
0x00007ffb744e0000 - 0x00007ffb744ea000 	C:\Users\ahmed\.jdks\openjdk-23.0.1\bin\jimage.dll
0x00007ffb71fa0000 - 0x00007ffb72184000 	C:\Windows\SYSTEM32\DBGHELP.DLL
0x00007ffb71c10000 - 0x00007ffb71c44000 	C:\Windows\SYSTEM32\dbgcore.DLL
0x00007ffb79e60000 - 0x00007ffb79ee2000 	C:\Windows\System32\bcryptPrimitives.dll
0x00007ffb744b0000 - 0x00007ffb744bf000 	C:\Users\ahmed\.jdks\openjdk-23.0.1\bin\instrument.dll
0x00007ffb744c0000 - 0x00007ffb744de000 	C:\Users\ahmed\.jdks\openjdk-23.0.1\bin\java.dll
0x00007ffb7b040000 - 0x00007ffb7b16a000 	C:\Windows\System32\ole32.dll
0x00007ffb7a120000 - 0x00007ffb7a474000 	C:\Windows\System32\combase.dll
0x00007ffb7b530000 - 0x00007ffb7bc74000 	C:\Windows\System32\SHELL32.dll

dbghelp: loaded successfully - version: 4.0.5 - missing functions: none
symbol engine: initialized successfully - sym options: 0x614 - pdb path: .;C:\Users\ahmed\.jdks\openjdk-23.0.1\bin;C:\Windows\SYSTEM32;C:\Windows\WinSxS\amd64_microsoft.windows.common-controls_6595b64144ccf1df_6.0.19041.1110_none_60b5254171f9507e;C:\Users\ahmed\.jdks\openjdk-23.0.1\bin\server

VM Arguments:
jvm_args: --enable-preview -javaagent:F:\ideaIC-2024.2.4.win\lib\idea_rt.jar=52843:F:\ideaIC-2024.2.4.win\bin -Dfile.encoding=UTF-8 -Dsun.stdout.encoding=UTF-8 -Dsun.stderr.encoding=UTF-8 --module-path=C:\Users\ahmed\.m2\repository\org\openjfx\javafx-graphics\23.0.1\javafx-graphics-23.0.1-win.jar;C:\Users\ahmed\.m2\repository\com\dlsc\formsfx\formsfx-core\11.6.0\formsfx-core-11.6.0.jar;C:\Users\ahmed\.m2\repository\eu\hansolo\toolbox\21.0.5\toolbox-21.0.5.jar;C:\Users\ahmed\.m2\repository\eu\hansolo\toolboxfx\21.0.3\toolboxfx-21.0.3.jar;C:\Users\ahmed\.m2\repository\net\synedra\validatorfx\0.5.0\validatorfx-0.5.0.jar;C:\Users\ahmed\.m2\repository\org\kordamp\bootstrapfx\bootstrapfx-core\0.4.0\bootstrapfx-core-0.4.0.jar;C:\Users\ahmed\.m2\repository\eu\hansolo\fx\countries\21.0.3\countries-21.0.3.jar;C:\Users\ahmed\.m2\repository\org\controlsfx\controlsfx\11.2.1\controlsfx-11.2.1.jar;C:\Users\ahmed\.m2\repository\org\openjfx\javafx-base\23.0.1\javafx-base-23.0.1-win.jar;C:\Users\ahmed\.m2\repository\org\openjfx\javafx-controls\23.0.1\javafx-controls-23.0.1-win.jar;D:\Online Project\Bank_ASU\target\classes;C:\Users\ahmed\.m2\repository\org\openjfx\javafx-media\23.0.1\javafx-media-23.0.1-win.jar;C:\Users\ahmed\.m2\repository\org\kordamp\ikonli\ikonli-core\12.3.1\ikonli-core-12.3.1.jar;C:\Users\ahmed\.m2\repository\org\openjfx\javafx-fxml\23.0.1\javafx-fxml-23.0.1-win.jar;C:\Users\ahmed\.m2\repository\org\openjfx\javafx-web\23.0.1\javafx-web-23.0.1-win.jar;C:\Users\ahmed\.m2\repository\eu\hansolo\fx\heatmap\21.0.3\heatmap-21.0.3.jar;C:\Users\ahmed\.m2\repository\com\google\code\gson\gson\2.8.6\gson-2.8.6.jar;C:\Users\ahmed\.m2\repository\org\kordamp\ikonli\ikonli-javafx\12.3.1\ikonli-javafx-12.3.1.jar;C:\Users\ahmed\.m2\repository\org\openjfx\javafx-swing\23.0.1\javafx-swing-23.0.1-win.jar;C:\Users\ahmed\.m2\repository\eu\hansolo\tilesfx\21.0.3\tilesfx-21.0.3.jar -Djdk.module.main=com.asu_bank.bank_asu 
java_command: com.asu_bank.bank_asu/com.asu_bank.bank_asu.Main
java_class_path (initial): C:\Users\ahmed\.m2\repository\org\openjfx\javafx-controls\23.0.1\javafx-controls-23.0.1.jar;C:\Users\ahmed\.m2\repository\org\openjfx\javafx-graphics\23.0.1\javafx-graphics-23.0.1.jar;C:\Users\ahmed\.m2\repository\org\openjfx\javafx-base\23.0.1\javafx-base-23.0.1.jar;C:\Users\ahmed\.m2\repository\org\openjfx\javafx-fxml\23.0.1\javafx-fxml-23.0.1.jar;C:\Users\ahmed\.m2\repository\org\openjfx\javafx-web\23.0.1\javafx-web-23.0.1.jar;C:\Users\ahmed\.m2\repository\org\openjfx\javafx-media\23.0.1\javafx-media-23.0.1.jar;C:\Users\ahmed\.m2\repository\org\openjfx\javafx-swing\23.0.1\javafx-swing-23.0.1.jar
Launcher Type: SUN_STANDARD

[Global flags]
     intx CICompilerCount                          = 12                                        {product} {ergonomic}
     uint ConcGCThreads                            = 3                                         {product} {ergonomic}
     uint G1ConcRefinementThreads                  = 13                                        {product} {ergonomic}
   size_t G1HeapRegionSize                         = 1048576                                   {product} {ergonomic}
   size_t InitialHeapSize                          = 125829120                                 {product} {ergonomic}
   size_t MarkStackSize                            = 4194304                                   {product} {ergonomic}
   size_t MarkStackSizeMax                         = 536870912                                 {product} {ergonomic}
   size_t MaxHeapSize                              = 1983905792                                {product} {ergonomic}
   size_t MinHeapDeltaBytes                        = 1048576                                   {product} {ergonomic}
   size_t MinHeapSize                              = 8388608                                   {product} {ergonomic}
    uintx NonNMethodCodeHeapSize                   = 7602176                                {pd product} {ergonomic}
    uintx NonProfiledCodeHeapSize                  = 122093568                              {pd product} {ergonomic}
    uintx ProfiledCodeHeapSize                     = 121962496                              {pd product} {ergonomic}
    uintx ReservedCodeCacheSize                    = 251658240                              {pd product} {ergonomic}
     bool SegmentedCodeCache                       = true                                      {product} {ergonomic}
   size_t SoftMaxHeapSize                          = 1983905792                             {manageable} {ergonomic}
     bool UseCompressedOops                        = true                           {product lp64_product} {ergonomic}
     bool UseG1GC                                  = true                                      {product} {ergonomic}
     bool UseLargePagesIndividualAllocation        = false                                  {pd product} {ergonomic}

Logging:
Log output configuration:
 #0: stdout all=warning uptime,level,tags foldmultilines=false
 #1: stderr all=off uptime,level,tags foldmultilines=false

Environment Variables:
JAVA_HOME=D:\Program Files\RedHat\java-1.8.0-openjdk-1.8.0.432-1
PATH=C:\Program Files\Common Files\Oracle\Java\javapath;c:\Users\ahmed\AppData\Local\Programs\cursor\resources\app\bin;C:\Windows\system32;C:\Windows;C:\Windows\System32\Wbem;C:\Windows\System32\WindowsPowerShell\v1.0\;C:\Windows\System32\OpenSSH\;C:\Users\ahmed\AppData\Local\Microsoft\WindowsApps;c:\Users\ahmed\AppData\Local\Programs\cursor\resources\app\bin;c:\Users\ahmed\AppData\Local\Programs\cursor\resources\app\bin;D:\Program Files\Git\cmd;D:\Program Files\RedHat\java-1.8.0-openjdk-1.8.0.432-1\bin;D:\Program Files\RedHat\java-1.8.0-openjdk-1.8.0.432-1\jre\bin;C:\Users\ahmed\AppData\Local\Microsoft\WindowsApps;D:\msys64\ucrt64\bin;
USERNAME=ahmed
OS=Windows_NT
PROCESSOR_IDENTIFIER=AMD64 Family 23 Model 104 Stepping 1, AuthenticAMD
TMP=C:\Users\ahmed\AppData\Local\Temp
TEMP=C:\Users\ahmed\AppData\Local\Temp




Periodic native trim disabled

---------------  S Y S T E M  ---------------

OS:
 Windows 10 , 64 bit Build 19041 (10.0.19041.2913)
OS uptime: 2 days 13:33 hours

CPU: total 16 (initial active 16) (16 cores per cpu, 2 threads per core) family 23 model 104 stepping 1 microcode 0x0, cx8, cmov, fxsr, ht, mmx, 3dnowpref, sse, sse2, sse3, ssse3, sse4a, sse4.1, sse4.2, popcnt, lzcnt, tsc, tscinvbit, avx, avx2, aes, clmul, bmi1, bmi2, adx, sha, fma, vzeroupper, clflush, clflushopt, rdtscp, rdpid, f16c
Processor Information for the first 16 processors :
  Max Mhz: 1801, Current Mhz: 1801, Mhz Limit: 1801

Memory: 4k page, system-wide physical 7563M (747M free)
TotalPageFile size 25099M (AvailPageFile size 34M)
current process WorkingSet (physical memory assigned to process): 11M, peak: 11M
current process commit charge ("private bytes"): 71M, peak: 190M

vm_info: OpenJDK 64-Bit Server VM (23.0.1+11-39) for windows-amd64 JRE (23.0.1+11-39), built on 2024-09-30T07:20:43Z with MS VC++ 17.6 (VS2022)

END.
